c:\users\cem levent\music\oop_robotics_part1\oop_robotic_project\oop_robotic_project\x64\debug\vc143.pdb
c:\users\cem levent\music\oop_robotics_part1\oop_robotic_project\oop_robotic_project\x64\debug\vc143.idb
c:\users\cem levent\music\oop_robotics_part1\oop_robotic_project\oop_robotic_project\x64\debug\robotoperator.obj
c:\users\cem levent\music\oop_robotics_part1\oop_robotic_project\oop_robotic_project\x64\debug\robotinterface.obj
c:\users\cem levent\music\oop_robotics_part1\oop_robotic_project\oop_robotic_project\x64\debug\robotcontroler.obj
c:\users\cem levent\music\oop_robotics_part1\oop_robotic_project\oop_robotic_project\x64\debug\robot.obj
c:\users\cem levent\music\oop_robotics_part1\oop_robotic_project\oop_robotic_project\x64\debug\record.obj
c:\users\cem levent\music\oop_robotics_part1\oop_robotic_project\oop_robotic_project\x64\debug\pose.obj
c:\users\cem levent\music\oop_robotics_part1\oop_robotic_project\oop_robotic_project\x64\debug\point.obj
c:\users\cem levent\music\oop_robotics_part1\oop_robotic_project\oop_robotic_project\x64\debug\oop_robotic_project.obj
c:\users\cem levent\music\oop_robotics_part1\oop_robotic_project\oop_robotic_project\x64\debug\motionmenu.obj
c:\users\cem levent\music\oop_robotics_part1\oop_robotic_project\oop_robotic_project\x64\debug\mapper.obj
c:\users\cem levent\music\oop_robotics_part1\oop_robotic_project\oop_robotic_project\x64\debug\mapmenu.obj
c:\users\cem levent\music\oop_robotics_part1\oop_robotic_project\oop_robotic_project\x64\debug\mapmanager.obj
c:\users\cem levent\music\oop_robotics_part1\oop_robotic_project\oop_robotic_project\x64\debug\map.obj
c:\users\cem levent\music\oop_robotics_part1\oop_robotic_project\oop_robotic_project\x64\debug\lidarsensor.obj
c:\users\cem levent\music\oop_robotics_part1\oop_robotic_project\oop_robotic_project\x64\debug\irsensor.obj
c:\users\cem levent\music\oop_robotics_part1\oop_robotic_project\oop_robotic_project\x64\debug\festorobotinterface.obj
c:\users\cem levent\music\oop_robotics_part1\oop_robotic_project\oop_robotic_project\x64\debug\encryption.obj
c:\users\cem levent\music\oop_robotics_part1\oop_robotic_project\oop_robotic_project\x64\debug\connectionmenu.obj
c:\users\cem levent\music\oop_robotics_part1\oop_robotic_project\oop_robotic_project\x64\debug\authentication.obj
c:\users\cem levent\music\oop_robotics_part1\oop_robotic_project\oop_robotic_project\x64\debug\app.obj
c:\users\cem levent\music\oop_robotics_part1\oop_robotic_project\oop_robotic_project\x64\debug\testsafenavigation.obj
c:\users\cem levent\music\oop_robotics_part1\oop_robotic_project\oop_robotic_project\x64\debug\testrobotcontroler.obj
c:\users\cem levent\music\oop_robotics_part1\oop_robotic_project\oop_robotic_project\x64\debug\testrecord.obj
c:\users\cem levent\music\oop_robotics_part1\oop_robotic_project\oop_robotic_project\x64\debug\testpose.obj
c:\users\cem levent\music\oop_robotics_part1\oop_robotic_project\oop_robotic_project\x64\debug\testpoint.obj
c:\users\cem levent\music\oop_robotics_part1\oop_robotic_project\oop_robotic_project\x64\debug\testmapper.obj
c:\users\cem levent\music\oop_robotics_part1\oop_robotic_project\oop_robotic_project\x64\debug\testmap.obj
c:\users\cem levent\music\oop_robotics_part1\oop_robotic_project\oop_robotic_project\x64\debug\testlidarsensor.obj
c:\users\cem levent\music\oop_robotics_part1\oop_robotic_project\oop_robotic_project\x64\debug\testirsensor.obj
c:\users\cem levent\music\oop_robotics_part1\oop_robotic_project\oop_robotic_project\x64\debug\testencryption.obj
c:\users\cem levent\music\oop_robotics_part1\oop_robotic_project\oop_robotic_project\x64\debug\sensormenu.obj
c:\users\cem levent\music\oop_robotics_part1\oop_robotic_project\oop_robotic_project\x64\debug\safenavigation.obj
c:\users\cem levent\music\oop_robotics_part1\oop_robotic_project\x64\debug\oop_robotic_project.exe
c:\users\cem levent\music\oop_robotics_part1\oop_robotic_project\x64\debug\oop_robotic_project.pdb
c:\users\cem levent\music\oop_robotics_part1\oop_robotic_project\oop_robotic_project\x64\debug\oop_robotic_project.ilk
c:\users\cem levent\music\oop_robotics_part1\oop_robotic_project\oop_robotic_project\x64\debug\oop_robo.70c73df5.tlog\cl.command.1.tlog
c:\users\cem levent\music\oop_robotics_part1\oop_robotic_project\oop_robotic_project\x64\debug\oop_robo.70c73df5.tlog\cl.items.tlog
c:\users\cem levent\music\oop_robotics_part1\oop_robotic_project\oop_robotic_project\x64\debug\oop_robo.70c73df5.tlog\cl.read.1.tlog
c:\users\cem levent\music\oop_robotics_part1\oop_robotic_project\oop_robotic_project\x64\debug\oop_robo.70c73df5.tlog\cl.write.1.tlog
c:\users\cem levent\music\oop_robotics_part1\oop_robotic_project\oop_robotic_project\x64\debug\oop_robo.70c73df5.tlog\link.command.1.tlog
c:\users\cem levent\music\oop_robotics_part1\oop_robotic_project\oop_robotic_project\x64\debug\oop_robo.70c73df5.tlog\link.read.1.tlog
c:\users\cem levent\music\oop_robotics_part1\oop_robotic_project\oop_robotic_project\x64\debug\oop_robo.70c73df5.tlog\link.secondary.1.tlog
c:\users\cem levent\music\oop_robotics_part1\oop_robotic_project\oop_robotic_project\x64\debug\oop_robo.70c73df5.tlog\link.write.1.tlog
